<frozen importlib._bootstrap>:228: RuntimeWarning: Your system is neon capable but pygame was not built with support for it. The performance of some of your blits could be adversely affected. Consider enabling compile time detection with environment variables like PYGAME_DETECT_AVX2=1 if you are compiling without cross compilation.
pygame 2.6.0 (SDL 2.0.14, Python 3.9.2)
Hello from the pygame community. https://www.pygame.org/contribute.html
Traceback (most recent call last):
  File "/home/rrose/flightdeck/main.py", line 18, in <module>
    main(False)
  File "/home/rrose/flightdeck/main.py", line 9, in main
    tower.monitor_aircraft_with_descent_and_destination(stdscr)
  File "/home/rrose/flightdeck/tower.py", line 227, in monitor_aircraft_with_descent_and_destination
    nearby_aircraft = self.fetch_aircraft_data()
  File "/home/rrose/flightdeck/tower.py", line 140, in fetch_aircraft_data
    return self.process_aircraft_data(aircraft_list)
  File "/home/rrose/flightdeck/tower.py", line 152, in process_aircraft_data
    self.unique_aircraft[hex_id].update_data(aircraft_data)
  File "/home/rrose/flightdeck/aircraft.py", line 55, in update_data
    self.update_state()
  File "/home/rrose/flightdeck/aircraft.py", line 60, in update_state
    self.is_takeoff = self.is_taking_off_from_west()
  File "/home/rrose/flightdeck/aircraft.py", line 153, in is_taking_off_from_west
    if self.is_takeoff == True:
KeyboardInterrupt
<frozen importlib._bootstrap>:228: RuntimeWarning: Your system is neon capable but pygame was not built with support for it. The performance of some of your blits could be adversely affected. Consider enabling compile time detection with environment variables like PYGAME_DETECT_AVX2=1 if you are compiling without cross compilation.
pygame 2.6.0 (SDL 2.0.14, Python 3.9.2)
Hello from the pygame community. https://www.pygame.org/contribute.html
<frozen importlib._bootstrap>:228: RuntimeWarning: Your system is neon capable but pygame was not built with support for it. The performance of some of your blits could be adversely affected. Consider enabling compile time detection with environment variables like PYGAME_DETECT_AVX2=1 if you are compiling without cross compilation.
pygame 2.6.0 (SDL 2.0.14, Python 3.9.2)
Hello from the pygame community. https://www.pygame.org/contribute.html
Traceback (most recent call last):
  File "/home/rrose/flightdeck/main.py", line 18, in <module>
    main(False)
  File "/home/rrose/flightdeck/main.py", line 9, in main
    tower.monitor_aircraft_with_descent_and_destination(stdscr)
  File "/home/rrose/flightdeck/tower.py", line 230, in monitor_aircraft_with_descent_and_destination
    nearby_aircraft = self.fetch_aircraft_data()
  File "/home/rrose/flightdeck/tower.py", line 136, in fetch_aircraft_data
    response = requests.get(url)
  File "/home/rrose/flightdeck/lib/python3.9/site-packages/requests/api.py", line 73, in get
    return request("get", url, params=params, **kwargs)
  File "/home/rrose/flightdeck/lib/python3.9/site-packages/requests/api.py", line 59, in request
    return session.request(method=method, url=url, **kwargs)
  File "/home/rrose/flightdeck/lib/python3.9/site-packages/requests/sessions.py", line 575, in request
    prep = self.prepare_request(req)
  File "/home/rrose/flightdeck/lib/python3.9/site-packages/requests/sessions.py", line 484, in prepare_request
    p.prepare(
  File "/home/rrose/flightdeck/lib/python3.9/site-packages/requests/models.py", line 367, in prepare
    self.prepare_url(url, params)
  File "/home/rrose/flightdeck/lib/python3.9/site-packages/requests/models.py", line 481, in prepare_url
    self.url = url
KeyboardInterrupt
